mode: atomic
github.com/dadamssolutions/authentic/handlers/csrf/csrfhandler.go:29.76,31.16 2 1
github.com/dadamssolutions/authentic/handlers/csrf/csrfhandler.go:36.2,36.21 1 1
github.com/dadamssolutions/authentic/handlers/csrf/csrfhandler.go:31.16,35.3 3 0
github.com/dadamssolutions/authentic/handlers/csrf/csrfhandler.go:41.82,43.15 2 3
github.com/dadamssolutions/authentic/handlers/csrf/csrfhandler.go:46.2,47.16 2 3
github.com/dadamssolutions/authentic/handlers/csrf/csrfhandler.go:51.2,51.35 1 3
github.com/dadamssolutions/authentic/handlers/csrf/csrfhandler.go:43.15,44.43 1 0
github.com/dadamssolutions/authentic/handlers/csrf/csrfhandler.go:47.16,50.3 2 0
github.com/dadamssolutions/authentic/handlers/csrf/csrfhandler.go:55.53,57.16 2 3
github.com/dadamssolutions/authentic/handlers/csrf/csrfhandler.go:62.2,64.12 3 2
github.com/dadamssolutions/authentic/handlers/csrf/csrfhandler.go:57.16,61.3 3 1
github.com/dadamssolutions/authentic/handlers/email/emailhandler.go:36.81,38.2 1 1
github.com/dadamssolutions/authentic/handlers/email/emailhandler.go:41.88,49.2 1 1
github.com/dadamssolutions/authentic/handlers/email/emailhandler.go:53.134,59.34 4 3
github.com/dadamssolutions/authentic/handlers/email/emailhandler.go:77.2,77.12 1 3
github.com/dadamssolutions/authentic/handlers/email/emailhandler.go:59.34,71.17 8 4
github.com/dadamssolutions/authentic/handlers/email/emailhandler.go:75.3,75.52 1 4
github.com/dadamssolutions/authentic/handlers/email/emailhandler.go:71.17,74.4 2 0
github.com/dadamssolutions/authentic/handlers/email/emailhandler.go:81.111,85.2 3 1
github.com/dadamssolutions/authentic/handlers/email/emailhandler.go:88.104,92.2 3 1
github.com/dadamssolutions/authentic/handlers/email/emailhandler.go:95.103,104.16 4 0
github.com/dadamssolutions/authentic/handlers/email/emailhandler.go:108.2,109.16 2 0
github.com/dadamssolutions/authentic/handlers/email/emailhandler.go:114.2,114.36 1 0
github.com/dadamssolutions/authentic/handlers/email/emailhandler.go:119.2,119.40 1 0
github.com/dadamssolutions/authentic/handlers/email/emailhandler.go:123.2,123.41 1 0
github.com/dadamssolutions/authentic/handlers/email/emailhandler.go:128.2,129.16 2 0
github.com/dadamssolutions/authentic/handlers/email/emailhandler.go:133.2,134.16 2 0
github.com/dadamssolutions/authentic/handlers/email/emailhandler.go:138.2,139.16 2 0
github.com/dadamssolutions/authentic/handlers/email/emailhandler.go:143.2,143.17 1 0
github.com/dadamssolutions/authentic/handlers/email/emailhandler.go:104.16,106.3 1 0
github.com/dadamssolutions/authentic/handlers/email/emailhandler.go:109.16,111.3 1 0
github.com/dadamssolutions/authentic/handlers/email/emailhandler.go:114.36,116.3 1 0
github.com/dadamssolutions/authentic/handlers/email/emailhandler.go:119.40,121.3 1 0
github.com/dadamssolutions/authentic/handlers/email/emailhandler.go:123.41,125.3 1 0
github.com/dadamssolutions/authentic/handlers/email/emailhandler.go:129.16,131.3 1 0
github.com/dadamssolutions/authentic/handlers/email/emailhandler.go:134.16,136.3 1 0
github.com/dadamssolutions/authentic/handlers/email/emailhandler.go:139.16,141.3 1 0
github.com/dadamssolutions/authentic/handlers/passreset/passreset.go:30.94,32.16 2 1
github.com/dadamssolutions/authentic/handlers/passreset/passreset.go:37.2,37.21 1 1
github.com/dadamssolutions/authentic/handlers/passreset/passreset.go:32.16,36.3 3 0
github.com/dadamssolutions/authentic/handlers/passreset/passreset.go:41.72,43.16 2 2
github.com/dadamssolutions/authentic/handlers/passreset/passreset.go:47.2,47.20 1 2
github.com/dadamssolutions/authentic/handlers/passreset/passreset.go:43.16,46.3 2 0
github.com/dadamssolutions/authentic/handlers/passreset/passreset.go:52.63,55.2 2 3
github.com/dadamssolutions/authentic/handlers/passreset/passreset.go:59.69,61.19 2 0
github.com/dadamssolutions/authentic/handlers/passreset/passreset.go:64.2,65.79 2 0
github.com/dadamssolutions/authentic/handlers/passreset/passreset.go:61.19,63.3 1 0
github.com/dadamssolutions/authentic/handlers/passreset/passreset.go:68.73,70.16 2 3
github.com/dadamssolutions/authentic/handlers/passreset/passreset.go:75.2,76.28 2 2
github.com/dadamssolutions/authentic/handlers/passreset/passreset.go:70.16,74.3 3 1
github.com/dadamssolutions/authentic/handlers/passreset/passresettoken.go:13.32,15.2 1 2
github.com/dadamssolutions/authentic/handlers/session/context.go:13.68,15.2 1 2
github.com/dadamssolutions/authentic/handlers/session/context.go:19.49,22.2 2 2
github.com/dadamssolutions/authentic/handlers/session/errors.go:8.41,10.2 1 0
github.com/dadamssolutions/authentic/handlers/session/errors.go:11.53,13.2 1 2
github.com/dadamssolutions/authentic/handlers/session/errors.go:15.47,17.2 1 3
github.com/dadamssolutions/authentic/handlers/session/errors.go:19.46,21.2 1 5
github.com/dadamssolutions/authentic/handlers/session/errors.go:23.58,25.2 1 1
github.com/dadamssolutions/authentic/handlers/session/errors.go:27.64,29.2 1 5
github.com/dadamssolutions/authentic/handlers/session/errors.go:31.56,33.2 1 1
github.com/dadamssolutions/authentic/handlers/session/sesaccess.go:42.156,47.19 3 6
github.com/dadamssolutions/authentic/handlers/session/sesaccess.go:50.2,52.16 3 6
github.com/dadamssolutions/authentic/handlers/session/sesaccess.go:55.2,56.16 2 6
github.com/dadamssolutions/authentic/handlers/session/sesaccess.go:62.2,64.23 3 4
github.com/dadamssolutions/authentic/handlers/session/sesaccess.go:47.19,49.3 1 6
github.com/dadamssolutions/authentic/handlers/session/sesaccess.go:52.16,54.3 1 0
github.com/dadamssolutions/authentic/handlers/session/sesaccess.go:56.16,59.3 2 2
github.com/dadamssolutions/authentic/handlers/session/sesaccess.go:68.55,71.2 2 64
github.com/dadamssolutions/authentic/handlers/session/sesaccess.go:74.64,75.17 1 752
github.com/dadamssolutions/authentic/handlers/session/sesaccess.go:78.2,82.11 5 752
github.com/dadamssolutions/authentic/handlers/session/sesaccess.go:92.2,92.11 1 752
github.com/dadamssolutions/authentic/handlers/session/sesaccess.go:75.17,77.3 1 0
github.com/dadamssolutions/authentic/handlers/session/sesaccess.go:82.11,84.17 2 752
github.com/dadamssolutions/authentic/handlers/session/sesaccess.go:87.3,88.32 2 752
github.com/dadamssolutions/authentic/handlers/session/sesaccess.go:84.17,86.4 1 0
github.com/dadamssolutions/authentic/handlers/session/sesaccess.go:88.32,89.9 1 752
github.com/dadamssolutions/authentic/handlers/session/sesaccess.go:95.52,97.2 1 223
github.com/dadamssolutions/authentic/handlers/session/sesaccess.go:99.51,101.2 1 223
github.com/dadamssolutions/authentic/handlers/session/sesaccess.go:103.54,105.16 2 6
github.com/dadamssolutions/authentic/handlers/session/sesaccess.go:109.2,110.16 2 4
github.com/dadamssolutions/authentic/handlers/session/sesaccess.go:114.2,115.20 2 4
github.com/dadamssolutions/authentic/handlers/session/sesaccess.go:105.16,107.3 1 2
github.com/dadamssolutions/authentic/handlers/session/sesaccess.go:110.16,113.3 2 0
github.com/dadamssolutions/authentic/handlers/session/sesaccess.go:118.125,120.14 2 4
github.com/dadamssolutions/authentic/handlers/session/sesaccess.go:120.14,123.17 2 8
github.com/dadamssolutions/authentic/handlers/session/sesaccess.go:130.3,131.17 2 8
github.com/dadamssolutions/authentic/handlers/session/sesaccess.go:137.3,138.19 2 8
github.com/dadamssolutions/authentic/handlers/session/sesaccess.go:143.3,143.14 1 8
github.com/dadamssolutions/authentic/handlers/session/sesaccess.go:123.17,127.4 3 0
github.com/dadamssolutions/authentic/handlers/session/sesaccess.go:131.17,136.4 4 0
github.com/dadamssolutions/authentic/handlers/session/sesaccess.go:138.19,142.4 3 4
github.com/dadamssolutions/authentic/handlers/session/sesaccess.go:148.52,150.16 2 0
github.com/dadamssolutions/authentic/handlers/session/sesaccess.go:154.2,155.16 2 0
github.com/dadamssolutions/authentic/handlers/session/sesaccess.go:159.2,159.20 1 0
github.com/dadamssolutions/authentic/handlers/session/sesaccess.go:150.16,152.3 1 0
github.com/dadamssolutions/authentic/handlers/session/sesaccess.go:155.16,158.3 2 0
github.com/dadamssolutions/authentic/handlers/session/sesaccess.go:162.129,163.17 1 22
github.com/dadamssolutions/authentic/handlers/session/sesaccess.go:166.2,171.11 4 22
github.com/dadamssolutions/authentic/handlers/session/sesaccess.go:198.2,198.12 1 22
github.com/dadamssolutions/authentic/handlers/session/sesaccess.go:163.17,165.3 1 11
github.com/dadamssolutions/authentic/handlers/session/sesaccess.go:171.11,184.17 5 22
github.com/dadamssolutions/authentic/handlers/session/sesaccess.go:196.3,196.8 1 22
github.com/dadamssolutions/authentic/handlers/session/sesaccess.go:184.17,185.35 1 0
github.com/dadamssolutions/authentic/handlers/session/sesaccess.go:192.4,193.14 2 0
github.com/dadamssolutions/authentic/handlers/session/sesaccess.go:185.35,188.34 1 0
github.com/dadamssolutions/authentic/handlers/session/sesaccess.go:188.34,189.14 1 0
github.com/dadamssolutions/authentic/handlers/session/sesaccess.go:203.154,213.16 7 31
github.com/dadamssolutions/authentic/handlers/session/sesaccess.go:217.2,217.16 1 25
github.com/dadamssolutions/authentic/handlers/session/sesaccess.go:222.2,223.16 2 25
github.com/dadamssolutions/authentic/handlers/session/sesaccess.go:227.2,227.103 1 25
github.com/dadamssolutions/authentic/handlers/session/sesaccess.go:230.2,230.17 1 24
github.com/dadamssolutions/authentic/handlers/session/sesaccess.go:213.16,215.3 1 6
github.com/dadamssolutions/authentic/handlers/session/sesaccess.go:217.16,219.3 1 15
github.com/dadamssolutions/authentic/handlers/session/sesaccess.go:219.8,221.3 1 10
github.com/dadamssolutions/authentic/handlers/session/sesaccess.go:223.16,225.3 1 0
github.com/dadamssolutions/authentic/handlers/session/sesaccess.go:227.103,229.3 1 1
github.com/dadamssolutions/authentic/handlers/session/sesaccess.go:233.74,239.2 3 17
github.com/dadamssolutions/authentic/handlers/session/sesaccess.go:242.100,250.16 3 7
github.com/dadamssolutions/authentic/handlers/session/sesaccess.go:253.2,253.35 1 7
github.com/dadamssolutions/authentic/handlers/session/sesaccess.go:250.16,251.13 1 0
github.com/dadamssolutions/authentic/handlers/session/sesaccess.go:258.108,260.56 2 22
github.com/dadamssolutions/authentic/handlers/session/sesaccess.go:265.2,265.20 1 17
github.com/dadamssolutions/authentic/handlers/session/sesaccess.go:270.2,270.12 1 16
github.com/dadamssolutions/authentic/handlers/session/sesaccess.go:260.56,263.3 2 5
github.com/dadamssolutions/authentic/handlers/session/sesaccess.go:265.20,269.3 3 1
github.com/dadamssolutions/authentic/handlers/session/sesaccess.go:275.122,278.2 2 1
github.com/dadamssolutions/authentic/handlers/session/sesaccess.go:282.97,287.2 4 1
github.com/dadamssolutions/authentic/handlers/session/sesaccess.go:290.56,292.47 1 23
github.com/dadamssolutions/authentic/handlers/session/sesaccess.go:295.2,296.73 2 23
github.com/dadamssolutions/authentic/handlers/session/sesaccess.go:292.47,294.3 1 0
github.com/dadamssolutions/authentic/handlers/session/sesaccess.go:299.65,300.17 1 47
github.com/dadamssolutions/authentic/handlers/session/sesaccess.go:303.2,305.64 2 45
github.com/dadamssolutions/authentic/handlers/session/sesaccess.go:308.2,308.57 1 24
github.com/dadamssolutions/authentic/handlers/session/sesaccess.go:313.2,313.40 1 24
github.com/dadamssolutions/authentic/handlers/session/sesaccess.go:300.17,302.3 1 2
github.com/dadamssolutions/authentic/handlers/session/sesaccess.go:305.64,307.3 1 21
github.com/dadamssolutions/authentic/handlers/session/sesaccess.go:308.57,309.25 1 239
github.com/dadamssolutions/authentic/handlers/session/sesaccess.go:309.25,311.4 1 0
github.com/dadamssolutions/authentic/handlers/session/sesaccess.go:316.61,321.2 4 23
github.com/dadamssolutions/authentic/handlers/session/sesaccess.go:323.61,325.16 2 25
github.com/dadamssolutions/authentic/handlers/session/sesaccess.go:329.2,332.16 4 24
github.com/dadamssolutions/authentic/handlers/session/sesaccess.go:336.2,336.18 1 24
github.com/dadamssolutions/authentic/handlers/session/sesaccess.go:325.16,328.3 2 1
github.com/dadamssolutions/authentic/handlers/session/sesaccess.go:332.16,335.3 2 0
github.com/dadamssolutions/authentic/handlers/session/sesaccess.go:339.72,341.2 1 25
github.com/dadamssolutions/authentic/handlers/session/seshandler.go:48.168,50.16 2 5
github.com/dadamssolutions/authentic/handlers/session/seshandler.go:54.2,54.54 1 4
github.com/dadamssolutions/authentic/handlers/session/seshandler.go:50.16,53.3 2 1
github.com/dadamssolutions/authentic/handlers/session/seshandler.go:57.67,58.17 1 5
github.com/dadamssolutions/authentic/handlers/session/seshandler.go:61.2,62.12 2 5
github.com/dadamssolutions/authentic/handlers/session/seshandler.go:58.17,60.3 1 1
github.com/dadamssolutions/authentic/handlers/session/seshandler.go:66.42,68.2 1 0
github.com/dadamssolutions/authentic/handlers/session/seshandler.go:71.98,74.2 2 21
github.com/dadamssolutions/authentic/handlers/session/seshandler.go:78.70,80.2 1 10
github.com/dadamssolutions/authentic/handlers/session/seshandler.go:83.75,85.46 1 22
github.com/dadamssolutions/authentic/handlers/session/seshandler.go:93.2,93.14 1 6
github.com/dadamssolutions/authentic/handlers/session/seshandler.go:85.46,87.80 1 22
github.com/dadamssolutions/authentic/handlers/session/seshandler.go:87.80,89.4 1 6
github.com/dadamssolutions/authentic/handlers/session/seshandler.go:89.9,91.4 1 16
github.com/dadamssolutions/authentic/handlers/session/seshandler.go:99.82,100.33 1 8
github.com/dadamssolutions/authentic/handlers/session/seshandler.go:104.2,104.34 1 5
github.com/dadamssolutions/authentic/handlers/session/seshandler.go:100.33,103.3 2 3
github.com/dadamssolutions/authentic/handlers/session/seshandler.go:109.88,112.16 2 3
github.com/dadamssolutions/authentic/handlers/session/seshandler.go:115.2,117.16 3 2
github.com/dadamssolutions/authentic/handlers/session/seshandler.go:120.2,120.21 1 2
github.com/dadamssolutions/authentic/handlers/session/seshandler.go:112.16,114.3 1 1
github.com/dadamssolutions/authentic/handlers/session/seshandler.go:117.16,119.3 1 1
github.com/dadamssolutions/authentic/handlers/session/seshandler.go:125.99,129.86 3 10
github.com/dadamssolutions/authentic/handlers/session/seshandler.go:133.2,136.16 3 9
github.com/dadamssolutions/authentic/handlers/session/seshandler.go:141.2,141.39 1 7
github.com/dadamssolutions/authentic/handlers/session/seshandler.go:145.2,145.23 1 7
github.com/dadamssolutions/authentic/handlers/session/seshandler.go:129.86,131.3 1 1
github.com/dadamssolutions/authentic/handlers/session/seshandler.go:136.16,139.3 2 2
github.com/dadamssolutions/authentic/handlers/session/seshandler.go:141.39,144.3 2 0
github.com/dadamssolutions/authentic/handlers/session/seshandler.go:150.97,154.16 3 4
github.com/dadamssolutions/authentic/handlers/session/seshandler.go:157.2,158.16 2 4
github.com/dadamssolutions/authentic/handlers/session/seshandler.go:163.2,164.12 2 2
github.com/dadamssolutions/authentic/handlers/session/seshandler.go:154.16,156.3 1 4
github.com/dadamssolutions/authentic/handlers/session/seshandler.go:158.16,161.3 2 2
github.com/dadamssolutions/authentic/handlers/session/seshandler.go:168.82,170.2 1 1
github.com/dadamssolutions/authentic/handlers/session/seshandler.go:173.66,175.2 1 1
github.com/dadamssolutions/authentic/handlers/session/seshandler.go:179.98,183.2 3 1
github.com/dadamssolutions/authentic/handlers/session/seshandler.go:186.102,188.19 2 3
github.com/dadamssolutions/authentic/handlers/session/seshandler.go:191.2,195.15 5 3
github.com/dadamssolutions/authentic/handlers/session/seshandler.go:188.19,190.3 1 0
github.com/dadamssolutions/authentic/handlers/session/seshandler.go:198.75,200.25 1 5
github.com/dadamssolutions/authentic/handlers/session/seshandler.go:209.2,210.12 2 5
github.com/dadamssolutions/authentic/handlers/session/seshandler.go:200.25,204.26 2 3
github.com/dadamssolutions/authentic/handlers/session/seshandler.go:207.3,207.23 1 3
github.com/dadamssolutions/authentic/handlers/session/seshandler.go:204.26,206.4 1 0
github.com/dadamssolutions/authentic/handlers/session/seshandler.go:213.67,219.77 4 222
github.com/dadamssolutions/authentic/handlers/session/seshandler.go:224.2,224.13 1 122
github.com/dadamssolutions/authentic/handlers/session/seshandler.go:219.77,223.3 3 100
github.com/dadamssolutions/authentic/handlers/session/sessions/session.go:41.131,48.22 7 11
github.com/dadamssolutions/authentic/handlers/session/sessions/session.go:52.2,52.10 1 11
github.com/dadamssolutions/authentic/handlers/session/sessions/session.go:48.22,51.3 2 10
github.com/dadamssolutions/authentic/handlers/session/sessions/session.go:56.48,59.18 3 4
github.com/dadamssolutions/authentic/handlers/session/sessions/session.go:62.2,63.17 2 2
github.com/dadamssolutions/authentic/handlers/session/sessions/session.go:59.18,61.3 1 2
github.com/dadamssolutions/authentic/handlers/session/sessions/session.go:67.40,71.2 3 14
github.com/dadamssolutions/authentic/handlers/session/sessions/session.go:74.40,78.2 3 5
github.com/dadamssolutions/authentic/handlers/session/sessions/session.go:81.39,85.2 3 7
github.com/dadamssolutions/authentic/handlers/session/sessions/session.go:88.38,92.2 3 7
github.com/dadamssolutions/authentic/handlers/session/sessions/session.go:95.37,99.2 3 7
github.com/dadamssolutions/authentic/handlers/session/sessions/session.go:102.46,106.2 3 1
github.com/dadamssolutions/authentic/handlers/session/sessions/session.go:109.42,113.2 3 2
github.com/dadamssolutions/authentic/handlers/session/sessions/session.go:116.36,120.2 3 5
github.com/dadamssolutions/authentic/handlers/session/sessions/session.go:123.39,127.2 3 9
github.com/dadamssolutions/authentic/handlers/session/sessions/session.go:130.40,134.2 3 1
github.com/dadamssolutions/authentic/handlers/session/sessions/session.go:137.63,141.2 3 1
github.com/dadamssolutions/authentic/handlers/session/sessions/session.go:144.29,148.2 3 3
github.com/dadamssolutions/authentic/handlers/session/sessions/session.go:151.38,155.2 3 10
github.com/dadamssolutions/authentic/handlers/session/sessions/session.go:159.34,163.2 3 4
github.com/dadamssolutions/authentic/handlers/session/sessions/session.go:166.41,170.2 3 3
github.com/dadamssolutions/authentic/handlers/session/sessions/session.go:174.71,177.74 3 1
github.com/dadamssolutions/authentic/handlers/session/sessions/session.go:180.2,182.12 3 1
github.com/dadamssolutions/authentic/handlers/session/sessions/session.go:177.74,179.3 1 0
github.com/dadamssolutions/authentic/handlers/session/sessions/session.go:186.32,192.2 5 1
github.com/dadamssolutions/authentic/handlers/session/sessions/session.go:195.73,201.2 5 3
github.com/dadamssolutions/authentic/handlers/session/sessions/session.go:204.48,206.2 1 4
github.com/dadamssolutions/authentic/handlers/session/sessions/session.go:209.50,211.2 1 2
github.com/dadamssolutions/authentic/handlers/session/sessions/session.go:214.60,217.15 3 1
github.com/dadamssolutions/authentic/handlers/session/sessions/session.go:221.2,221.45 1 1
github.com/dadamssolutions/authentic/handlers/session/sessions/session.go:217.15,220.3 2 1
github.com/dadamssolutions/authentic/handlers/session/sessions/session.go:225.41,229.16 4 0
github.com/dadamssolutions/authentic/handlers/session/sessions/session.go:232.2,232.48 1 0
github.com/dadamssolutions/authentic/handlers/session/sessions/session.go:229.16,231.3 1 0
github.com/dadamssolutions/authentic/handlers/session/sessions/session.go:237.51,241.16 4 0
github.com/dadamssolutions/authentic/handlers/session/sessions/session.go:244.2,245.16 2 0
github.com/dadamssolutions/authentic/handlers/session/sessions/session.go:248.2,248.12 1 0
github.com/dadamssolutions/authentic/handlers/session/sessions/session.go:241.16,243.3 1 0
github.com/dadamssolutions/authentic/handlers/session/sessions/session.go:245.16,247.3 1 0
github.com/dadamssolutions/authentic/handlers/session/sessions/session.go:251.64,255.2 3 6
github.com/dadamssolutions/authentic/auth.go:31.59,33.16 2 1
github.com/dadamssolutions/authentic/auth.go:36.2,37.16 2 1
github.com/dadamssolutions/authentic/auth.go:41.2,41.20 1 1
github.com/dadamssolutions/authentic/auth.go:33.16,35.3 1 0
github.com/dadamssolutions/authentic/auth.go:37.16,40.3 2 0
github.com/dadamssolutions/authentic/auth.go:78.259,80.41 2 1
github.com/dadamssolutions/authentic/auth.go:83.2,89.16 5 1
github.com/dadamssolutions/authentic/auth.go:94.2,95.27 2 1
github.com/dadamssolutions/authentic/auth.go:100.2,101.32 2 1
github.com/dadamssolutions/authentic/auth.go:106.2,107.16 2 1
github.com/dadamssolutions/authentic/auth.go:112.2,112.47 1 1
github.com/dadamssolutions/authentic/auth.go:116.2,126.16 11 1
github.com/dadamssolutions/authentic/auth.go:80.41,82.3 1 36
github.com/dadamssolutions/authentic/auth.go:89.16,92.3 1 0
github.com/dadamssolutions/authentic/auth.go:95.27,98.3 1 0
github.com/dadamssolutions/authentic/auth.go:101.32,104.3 1 0
github.com/dadamssolutions/authentic/auth.go:107.16,109.3 1 0
github.com/dadamssolutions/authentic/auth.go:112.47,114.3 1 0
github.com/dadamssolutions/authentic/auth.go:130.176,132.2 1 0
github.com/dadamssolutions/authentic/auth.go:135.203,146.2 10 0
github.com/dadamssolutions/authentic/auth.go:151.57,152.43 1 32
github.com/dadamssolutions/authentic/auth.go:152.43,153.72 1 32
github.com/dadamssolutions/authentic/auth.go:153.72,156.18 3 53
github.com/dadamssolutions/authentic/auth.go:162.4,163.21 2 53
github.com/dadamssolutions/authentic/auth.go:156.18,158.19 2 44
github.com/dadamssolutions/authentic/auth.go:158.19,160.6 1 0
github.com/dadamssolutions/authentic/auth.go:170.57,171.43 1 135
github.com/dadamssolutions/authentic/auth.go:171.43,172.72 1 135
github.com/dadamssolutions/authentic/auth.go:172.72,175.18 3 52
github.com/dadamssolutions/authentic/auth.go:186.4,186.21 1 52
github.com/dadamssolutions/authentic/auth.go:175.18,177.19 2 50
github.com/dadamssolutions/authentic/auth.go:181.5,182.19 2 50
github.com/dadamssolutions/authentic/auth.go:177.19,180.6 2 26
github.com/dadamssolutions/authentic/auth.go:182.19,184.6 1 50
github.com/dadamssolutions/authentic/auth.go:194.97,195.43 1 32
github.com/dadamssolutions/authentic/auth.go:195.43,204.3 4 32
github.com/dadamssolutions/authentic/auth.go:208.68,209.57 1 5
github.com/dadamssolutions/authentic/auth.go:216.2,216.143 1 5
github.com/dadamssolutions/authentic/auth.go:209.57,211.21 2 7
github.com/dadamssolutions/authentic/auth.go:214.3,214.23 1 7
github.com/dadamssolutions/authentic/auth.go:211.21,213.4 1 2
github.com/dadamssolutions/authentic/auth.go:221.72,222.43 1 2
github.com/dadamssolutions/authentic/auth.go:222.43,223.58 1 2
github.com/dadamssolutions/authentic/auth.go:231.3,235.38 2 2
github.com/dadamssolutions/authentic/auth.go:223.58,226.19 3 4
github.com/dadamssolutions/authentic/auth.go:229.4,229.37 1 4
github.com/dadamssolutions/authentic/auth.go:226.19,228.5 1 0
github.com/dadamssolutions/authentic/auth.go:240.87,241.58 1 24
github.com/dadamssolutions/authentic/auth.go:244.2,244.43 1 24
github.com/dadamssolutions/authentic/auth.go:241.58,243.3 1 30
github.com/dadamssolutions/authentic/auth.go:244.43,250.3 2 24
github.com/dadamssolutions/authentic/auth.go:254.52,255.43 1 24
github.com/dadamssolutions/authentic/auth.go:255.43,260.3 2 24
github.com/dadamssolutions/authentic/auth.go:273.175,274.43 1 24
github.com/dadamssolutions/authentic/auth.go:274.43,283.3 5 24
github.com/dadamssolutions/authentic/auth.go:287.55,290.41 2 11
github.com/dadamssolutions/authentic/auth.go:293.2,295.16 3 11
github.com/dadamssolutions/authentic/auth.go:302.2,302.17 1 7
github.com/dadamssolutions/authentic/auth.go:306.2,307.17 2 5
github.com/dadamssolutions/authentic/auth.go:310.2,310.13 1 5
github.com/dadamssolutions/authentic/auth.go:290.41,292.3 1 0
github.com/dadamssolutions/authentic/auth.go:295.16,296.18 1 4
github.com/dadamssolutions/authentic/auth.go:299.3,299.13 1 4
github.com/dadamssolutions/authentic/auth.go:296.18,298.4 1 2
github.com/dadamssolutions/authentic/auth.go:302.17,304.3 1 2
github.com/dadamssolutions/authentic/auth.go:307.17,309.3 1 5
github.com/dadamssolutions/authentic/auth.go:314.73,317.2 2 4
github.com/dadamssolutions/authentic/auth.go:320.94,322.2 1 0
github.com/dadamssolutions/authentic/auth.go:324.76,327.26 3 1
github.com/dadamssolutions/authentic/auth.go:332.2,333.19 2 1
github.com/dadamssolutions/authentic/auth.go:327.26,331.3 3 1
github.com/dadamssolutions/authentic/auth.go:336.85,339.16 2 27
github.com/dadamssolutions/authentic/auth.go:346.2,347.26 2 27
github.com/dadamssolutions/authentic/auth.go:352.2,352.14 1 15
github.com/dadamssolutions/authentic/auth.go:339.16,341.17 2 0
github.com/dadamssolutions/authentic/auth.go:344.3,344.59 1 0
github.com/dadamssolutions/authentic/auth.go:341.17,343.4 1 0
github.com/dadamssolutions/authentic/auth.go:347.26,351.3 3 12
github.com/dadamssolutions/authentic/context.go:18.70,20.2 1 30
github.com/dadamssolutions/authentic/context.go:24.50,27.2 2 80
github.com/dadamssolutions/authentic/context.go:30.70,32.2 1 30
github.com/dadamssolutions/authentic/context.go:36.49,39.2 2 19
github.com/dadamssolutions/authentic/context.go:42.84,44.2 1 62
github.com/dadamssolutions/authentic/context.go:48.64,51.2 2 88
github.com/dadamssolutions/authentic/logout.go:12.75,13.43 1 1
github.com/dadamssolutions/authentic/logout.go:13.43,14.58 1 1
github.com/dadamssolutions/authentic/logout.go:18.3,22.38 2 1
github.com/dadamssolutions/authentic/logout.go:14.58,16.4 1 1
github.com/dadamssolutions/authentic/redirect.go:25.71,27.2 1 17
github.com/dadamssolutions/authentic/redirect.go:36.85,38.2 1 103
github.com/dadamssolutions/authentic/redirect.go:41.77,42.17 1 41
github.com/dadamssolutions/authentic/redirect.go:43.28,44.80 1 2
github.com/dadamssolutions/authentic/redirect.go:45.27,47.35 2 8
github.com/dadamssolutions/authentic/redirect.go:50.3,50.72 1 8
github.com/dadamssolutions/authentic/redirect.go:51.25,54.18 3 23
github.com/dadamssolutions/authentic/redirect.go:57.3,57.36 1 23
github.com/dadamssolutions/authentic/redirect.go:58.10,59.39 1 8
github.com/dadamssolutions/authentic/redirect.go:47.35,49.4 1 7
github.com/dadamssolutions/authentic/redirect.go:54.18,56.4 1 1
github.com/dadamssolutions/authentic/user.go:37.45,39.2 1 4
github.com/dadamssolutions/authentic/user.go:51.33,53.2 1 12
github.com/dadamssolutions/authentic/user.go:56.33,58.2 1 2
github.com/dadamssolutions/authentic/user.go:61.45,63.2 1 0
github.com/dadamssolutions/authentic/user.go:66.34,68.2 1 10
github.com/dadamssolutions/authentic/user.go:70.30,72.2 1 1
github.com/dadamssolutions/authentic/user.go:74.69,80.16 3 40
github.com/dadamssolutions/authentic/user.go:86.2,88.14 2 30
github.com/dadamssolutions/authentic/user.go:80.16,84.3 3 10
github.com/dadamssolutions/authentic/user.go:91.83,95.2 3 2
github.com/dadamssolutions/authentic/user.go:97.66,105.16 2 1
github.com/dadamssolutions/authentic/user.go:105.16,106.79 1 0
github.com/dadamssolutions/authentic/user.go:110.61,114.16 2 1
github.com/dadamssolutions/authentic/user.go:114.16,115.75 1 0
github.com/dadamssolutions/authentic/user.go:119.73,124.16 3 35
github.com/dadamssolutions/authentic/user.go:127.2,128.16 2 34
github.com/dadamssolutions/authentic/user.go:131.2,131.18 1 34
github.com/dadamssolutions/authentic/user.go:124.16,125.75 1 1
github.com/dadamssolutions/authentic/user.go:128.16,130.3 1 0
github.com/dadamssolutions/authentic/user.go:134.75,139.16 2 1
github.com/dadamssolutions/authentic/user.go:139.16,140.77 1 0
github.com/dadamssolutions/authentic/user.go:144.74,149.16 3 2
github.com/dadamssolutions/authentic/user.go:152.2,152.10 1 2
github.com/dadamssolutions/authentic/user.go:149.16,150.86 1 0
github.com/dadamssolutions/authentic/user.go:155.67,160.16 2 51
github.com/dadamssolutions/authentic/user.go:160.16,161.89 1 0
github.com/dadamssolutions/authentic/adapters.go:16.76,17.43 1 0
github.com/dadamssolutions/authentic/adapters.go:17.43,18.72 1 0
github.com/dadamssolutions/authentic/adapters.go:18.72,19.44 1 0
github.com/dadamssolutions/authentic/adapters.go:23.4,23.21 1 0
github.com/dadamssolutions/authentic/adapters.go:19.44,22.5 2 0
github.com/dadamssolutions/authentic/adapters.go:29.123,30.57 1 44
github.com/dadamssolutions/authentic/adapters.go:39.2,39.42 1 44
github.com/dadamssolutions/authentic/adapters.go:30.57,32.17 2 42
github.com/dadamssolutions/authentic/adapters.go:36.3,36.14 1 24
github.com/dadamssolutions/authentic/adapters.go:32.17,35.4 2 17
github.com/dadamssolutions/authentic/adapters.go:47.116,48.43 1 24
github.com/dadamssolutions/authentic/adapters.go:48.43,49.72 1 24
github.com/dadamssolutions/authentic/adapters.go:49.72,50.35 1 41
github.com/dadamssolutions/authentic/adapters.go:63.4,63.21 1 11
github.com/dadamssolutions/authentic/adapters.go:50.35,52.53 2 30
github.com/dadamssolutions/authentic/adapters.go:55.5,56.19 2 18
github.com/dadamssolutions/authentic/adapters.go:60.5,61.11 2 11
github.com/dadamssolutions/authentic/adapters.go:52.53,54.6 1 12
github.com/dadamssolutions/authentic/adapters.go:56.19,59.6 2 7
github.com/dadamssolutions/authentic/adapters.go:72.48,73.43 1 34
github.com/dadamssolutions/authentic/adapters.go:73.43,74.72 1 34
github.com/dadamssolutions/authentic/adapters.go:74.72,76.31 2 55
github.com/dadamssolutions/authentic/adapters.go:80.4,80.17 1 55
github.com/dadamssolutions/authentic/adapters.go:95.4,97.37 2 55
github.com/dadamssolutions/authentic/adapters.go:76.31,77.15 1 0
github.com/dadamssolutions/authentic/adapters.go:80.17,81.33 1 55
github.com/dadamssolutions/authentic/adapters.go:81.33,83.27 2 1
github.com/dadamssolutions/authentic/adapters.go:89.6,91.19 3 1
github.com/dadamssolutions/authentic/adapters.go:84.17,85.14 1 0
github.com/dadamssolutions/authentic/adapters.go:86.14,87.45 1 1
github.com/dadamssolutions/authentic/adapters.go:97.37,98.15 1 0
github.com/dadamssolutions/authentic/adapters.go:104.83,108.42 1 0
github.com/dadamssolutions/authentic/adapters.go:118.2,118.10 1 0
github.com/dadamssolutions/authentic/adapters.go:108.42,109.57 1 0
github.com/dadamssolutions/authentic/adapters.go:109.57,110.73 1 0
github.com/dadamssolutions/authentic/adapters.go:110.73,112.45 2 0
github.com/dadamssolutions/authentic/adapters.go:112.45,114.6 1 0
github.com/dadamssolutions/authentic/login.go:22.50,23.57 1 9
github.com/dadamssolutions/authentic/login.go:27.2,31.126 3 9
github.com/dadamssolutions/authentic/login.go:23.57,25.3 1 4
github.com/dadamssolutions/authentic/login.go:34.70,37.26 2 8
github.com/dadamssolutions/authentic/login.go:42.2,49.17 7 8
github.com/dadamssolutions/authentic/login.go:53.2,53.107 1 8
github.com/dadamssolutions/authentic/login.go:59.2,59.26 1 8
github.com/dadamssolutions/authentic/login.go:66.2,66.58 1 8
github.com/dadamssolutions/authentic/login.go:37.26,40.3 2 0
github.com/dadamssolutions/authentic/login.go:49.17,51.3 1 1
github.com/dadamssolutions/authentic/login.go:53.107,57.3 3 4
github.com/dadamssolutions/authentic/login.go:59.26,61.3 1 4
github.com/dadamssolutions/authentic/login.go:61.8,65.3 3 4
github.com/dadamssolutions/authentic/passwordreset.go:33.65,41.2 1 4
github.com/dadamssolutions/authentic/passwordreset.go:54.58,56.58 1 6
github.com/dadamssolutions/authentic/passwordreset.go:69.2,69.58 1 6
github.com/dadamssolutions/authentic/passwordreset.go:84.2,91.135 3 6
github.com/dadamssolutions/authentic/passwordreset.go:56.58,61.49 5 5
github.com/dadamssolutions/authentic/passwordreset.go:65.3,65.13 1 2
github.com/dadamssolutions/authentic/passwordreset.go:61.49,64.4 2 3
github.com/dadamssolutions/authentic/passwordreset.go:69.58,73.15 4 2
github.com/dadamssolutions/authentic/passwordreset.go:76.3,76.17 1 2
github.com/dadamssolutions/authentic/passwordreset.go:81.3,81.61 1 2
github.com/dadamssolutions/authentic/passwordreset.go:73.15,75.4 1 2
github.com/dadamssolutions/authentic/passwordreset.go:76.17,79.4 2 0
github.com/dadamssolutions/authentic/passwordreset.go:94.74,98.34 3 1
github.com/dadamssolutions/authentic/passwordreset.go:101.2,101.16 1 1
github.com/dadamssolutions/authentic/passwordreset.go:105.2,106.16 2 1
github.com/dadamssolutions/authentic/passwordreset.go:111.2,113.16 3 1
github.com/dadamssolutions/authentic/passwordreset.go:98.34,100.3 1 0
github.com/dadamssolutions/authentic/passwordreset.go:101.16,104.3 2 0
github.com/dadamssolutions/authentic/passwordreset.go:106.16,110.3 3 0
github.com/dadamssolutions/authentic/passwordreset.go:113.16,115.3 1 0
github.com/dadamssolutions/authentic/passwordreset.go:115.8,117.17 2 1
github.com/dadamssolutions/authentic/passwordreset.go:117.17,119.4 1 1
github.com/dadamssolutions/authentic/passwordreset.go:123.81,126.16 3 7
github.com/dadamssolutions/authentic/passwordreset.go:130.2,134.63 5 1
github.com/dadamssolutions/authentic/passwordreset.go:140.2,141.17 2 1
github.com/dadamssolutions/authentic/passwordreset.go:145.2,149.15 4 1
github.com/dadamssolutions/authentic/passwordreset.go:126.16,129.3 2 6
github.com/dadamssolutions/authentic/passwordreset.go:134.63,137.3 1 1
github.com/dadamssolutions/authentic/passwordreset.go:137.8,137.31 1 0
github.com/dadamssolutions/authentic/passwordreset.go:137.31,139.3 1 0
github.com/dadamssolutions/authentic/passwordreset.go:141.17,144.3 2 0
github.com/dadamssolutions/authentic/passwordreset.go:149.15,151.17 2 1
github.com/dadamssolutions/authentic/passwordreset.go:154.3,154.77 1 1
github.com/dadamssolutions/authentic/passwordreset.go:151.17,153.4 1 0
github.com/dadamssolutions/authentic/passwordreset.go:155.8,160.3 4 0
github.com/dadamssolutions/authentic/signup.go:21.51,22.57 1 5
github.com/dadamssolutions/authentic/signup.go:26.2,32.125 3 5
github.com/dadamssolutions/authentic/signup.go:22.57,24.3 1 1
github.com/dadamssolutions/authentic/signup.go:38.63,40.58 1 4
github.com/dadamssolutions/authentic/signup.go:52.2,52.43 1 4
github.com/dadamssolutions/authentic/signup.go:40.58,42.17 2 4
github.com/dadamssolutions/authentic/signup.go:46.3,49.13 4 1
github.com/dadamssolutions/authentic/signup.go:42.17,44.4 1 3
github.com/dadamssolutions/authentic/signup.go:52.43,58.3 2 4
github.com/dadamssolutions/authentic/signup.go:61.67,63.33 1 2
github.com/dadamssolutions/authentic/signup.go:68.2,69.52 2 2
github.com/dadamssolutions/authentic/signup.go:77.2,79.16 3 2
github.com/dadamssolutions/authentic/signup.go:84.2,86.16 3 2
github.com/dadamssolutions/authentic/signup.go:91.2,95.102 3 2
github.com/dadamssolutions/authentic/signup.go:112.2,116.35 5 1
github.com/dadamssolutions/authentic/signup.go:124.2,124.47 1 1
github.com/dadamssolutions/authentic/signup.go:63.33,66.3 2 0
github.com/dadamssolutions/authentic/signup.go:69.52,76.3 3 0
github.com/dadamssolutions/authentic/signup.go:79.16,83.3 3 0
github.com/dadamssolutions/authentic/signup.go:86.16,90.3 3 0
github.com/dadamssolutions/authentic/signup.go:95.102,102.3 3 1
github.com/dadamssolutions/authentic/signup.go:102.8,102.24 1 1
github.com/dadamssolutions/authentic/signup.go:102.24,109.3 3 0
github.com/dadamssolutions/authentic/signup.go:116.35,123.3 3 0
github.com/dadamssolutions/authentic/signup.go:127.79,130.17 3 1
github.com/dadamssolutions/authentic/signup.go:134.2,137.12 3 1
github.com/dadamssolutions/authentic/signup.go:130.17,132.3 1 0
